<?xml version="1.0" encoding="UTF-8"?>
<!-- Generated by org.testng.reporters.JUnitReportReporter -->
<testsuite skipped="0" hostname="Ashish-Laptop" name="com.companyName.projectName.TestCases.SearchItemOnAmazonTest" tests="2" failures="0" timestamp="2021-08-03T01:46:45 IST" time="33.249" errors="0">
  <testcase name="searchItemTest" time="16.783" classname="com.companyName.projectName.TestCases.SearchItemOnAmazonTest"/>
  <system-out/>
  <testcase name="searchItemTest" time="16.466" classname="com.companyName.projectName.TestCases.SearchItemOnAmazonTest"/>
  <system-out/>
</testsuite> <!-- com.companyName.projectName.TestCases.SearchItemOnAmazonTest -->
