<?xml version="1.0" encoding="UTF-8"?>
<!-- Generated by org.testng.reporters.JUnitReportReporter -->
<testsuite skipped="0" hostname="Ashish-Laptop" name="TestCases.SearchItemOnAmazon" tests="1" failures="0" timestamp="2021-07-30T01:11:26 IST" time="3.678" errors="0">
  <testcase name="searchItem" time="3.678" classname="TestCases.SearchItemOnAmazon"/>
  <system-out/>
</testsuite> <!-- TestCases.SearchItemOnAmazon -->
