<?xml version="1.0" encoding="UTF-8"?>
<!-- Generated by org.testng.reporters.JUnitReportReporter -->
<testsuite skipped="0" hostname="Ashish-Laptop" name="com.companyName.projectName.TestCases.SearchItemOnAmazonTest" tests="2" failures="0" timestamp="2021-08-07T22:49:16 IST" time="33.019" errors="0">
  <testcase name="searchItemTest" time="14.834" classname="com.companyName.projectName.TestCases.SearchItemOnAmazonTest"/>
  <system-out/>
  <testcase name="searchItemTest" time="18.185" classname="com.companyName.projectName.TestCases.SearchItemOnAmazonTest"/>
  <system-out/>
</testsuite> <!-- com.companyName.projectName.TestCases.SearchItemOnAmazonTest -->
