<?xml version="1.0" encoding="UTF-8"?>
<!-- Generated by org.testng.reporters.JUnitReportReporter -->
<testsuite skipped="0" hostname="Ashish-Laptop" name="com.companyName.projectName.TestCases.SearchItemOnAmazonTest" tests="2" failures="0" timestamp="2021-08-05T02:47:16 IST" time="25.365" errors="0">
  <testcase name="searchItemTest" time="11.396" classname="com.companyName.projectName.TestCases.SearchItemOnAmazonTest"/>
  <system-out/>
  <testcase name="searchItemTest" time="13.969" classname="com.companyName.projectName.TestCases.SearchItemOnAmazonTest"/>
  <system-out/>
</testsuite> <!-- com.companyName.projectName.TestCases.SearchItemOnAmazonTest -->
