<?xml version="1.0" encoding="UTF-8"?>
<!-- Generated by org.testng.reporters.JUnitReportReporter -->
<testsuite skipped="0" hostname="Ashish-Laptop" name="com.companyName.projectName.TestCases.SearchItemOnAmazon" tests="1" failures="0" timestamp="2021-08-01T01:23:08 IST" time="4.140" errors="0">
  <testcase name="searchItem" time="4.140" classname="com.companyName.projectName.TestCases.SearchItemOnAmazon"/>
  <system-out/>
</testsuite> <!-- com.companyName.projectName.TestCases.SearchItemOnAmazon -->
