<?xml version="1.0" encoding="UTF-8"?>
<!-- Generated by org.testng.reporters.JUnitReportReporter -->
<testsuite skipped="0" hostname="Ashish-Laptop" name="com.companyName.projectName.TestCases.SearchItemOnAmazonTest" tests="2" failures="0" timestamp="2021-08-04T23:43:24 IST" time="23.343" errors="0">
  <testcase name="searchItemTest" time="10.806" classname="com.companyName.projectName.TestCases.SearchItemOnAmazonTest"/>
  <system-out/>
  <testcase name="searchItemTest" time="12.537" classname="com.companyName.projectName.TestCases.SearchItemOnAmazonTest"/>
  <system-out/>
</testsuite> <!-- com.companyName.projectName.TestCases.SearchItemOnAmazonTest -->
