<?xml version="1.0" encoding="UTF-8"?>
<!-- Generated by org.testng.reporters.JUnitReportReporter -->
<testsuite skipped="0" hostname="Ashish-Laptop" name="com.companyName.projectName.TestCases.SearchItemOnAmazonTest" tests="2" failures="0" timestamp="2021-08-08T16:13:31 IST" time="49.055" errors="0">
  <testcase name="searchItemTest" time="22.372" classname="com.companyName.projectName.TestCases.SearchItemOnAmazonTest"/>
  <system-out/>
  <testcase name="searchItemTest" time="26.683" classname="com.companyName.projectName.TestCases.SearchItemOnAmazonTest"/>
  <system-out/>
</testsuite> <!-- com.companyName.projectName.TestCases.SearchItemOnAmazonTest -->
